<?xml version="1.0" encoding="UTF-8" ?>
<testsuite tests="15" failures="1" name="com.hg.flooringmastery.service.FlooringServiceLayerTest" time="0.028" errors="0" skipped="0">
  <properties>
[...]
</properties>
  <testcase classname="com.hg.flooringmastery.service.FlooringServiceLayerTest" name="com.hg.flooringmastery.service.FlooringServiceLayerTest.testGetOrder" time="0"/>
  <testcase classname="com.hg.flooringmastery.service.FlooringServiceLayerTest" name="com.hg.flooringmastery.service.FlooringServiceLayerTest.testGetProducts" time="0"/>
  <testcase classname="com.hg.flooringmastery.service.FlooringServiceLayerTest" name="com.hg.flooringmastery.service.FlooringServiceLayerTest.testAddOrder" time="0.002"/>
  <testcase classname="com.hg.flooringmastery.service.FlooringServiceLayerTest" name="com.hg.flooringmastery.service.FlooringServiceLayerTest.testEditOrder" time="0.002"/>
  <testcase classname="com.hg.flooringmastery.service.FlooringServiceLayerTest" name="com.hg.flooringmastery.service.FlooringServiceLayerTest.testDisplayOrders" time="0"/>
  <testcase classname="com.hg.flooringmastery.service.FlooringServiceLayerTest" name="com.hg.flooringmastery.service.FlooringServiceLayerTest.testRemoveOrder" time="0"/>
  <testcase classname="com.hg.flooringmastery.service.FlooringServiceLayerTest" name="com.hg.flooringmastery.service.FlooringServiceLayerTest.testExportAllData" time="0.005">
    <failure type="java.lang.NullPointerException">java.lang.NullPointerException
	at com.hg.flooringmastery.dao.ExportDaoStubImpl.marshallOrder(ExportDaoStubImpl.java:67)
	at com.hg.flooringmastery.dao.ExportDaoStubImpl.saveOrdersToFile(ExportDaoStubImpl.java:41)
	at com.hg.flooringmastery.service.FlooringServiceLayerImpl.exportAllData(FlooringServiceLayerImpl.java:128)
	at com.hg.flooringmastery.service.FlooringServiceLayerTest.testExportAllData(FlooringServiceLayerTest.java:194)
</failure>
  </testcase>
  <testcase classname="com.hg.flooringmastery.service.FlooringServiceLayerTest" name="com.hg.flooringmastery.service.FlooringServiceLayerTest.testValidateName" time="0.002"/>
  <testcase classname="com.hg.flooringmastery.service.FlooringServiceLayerTest" name="com.hg.flooringmastery.service.FlooringServiceLayerTest.testGetTaxes" time="0"/>
  <testcase classname="com.hg.flooringmastery.service.FlooringServiceLayerTest" name="com.hg.flooringmastery.service.FlooringServiceLayerTest.testValidateState" time="0.001"/>
  <testcase classname="com.hg.flooringmastery.service.FlooringServiceLayerTest" name="com.hg.flooringmastery.service.FlooringServiceLayerTest.testValidateDate" time="0.015"/>
  <testcase classname="com.hg.flooringmastery.service.FlooringServiceLayerTest" name="com.hg.flooringmastery.service.FlooringServiceLayerTest.testValidateData" time="0"/>
  <testcase classname="com.hg.flooringmastery.service.FlooringServiceLayerTest" name="com.hg.flooringmastery.service.FlooringServiceLayerTest.testValidateUpdatedOrderInfo" time="0"/>
  <testcase classname="com.hg.flooringmastery.service.FlooringServiceLayerTest" name="com.hg.flooringmastery.service.FlooringServiceLayerTest.testCalculateCostAndTax" time="0.001"/>
  <testcase classname="com.hg.flooringmastery.service.FlooringServiceLayerTest" name="com.hg.flooringmastery.service.FlooringServiceLayerTest.testValidateProduct" time="0"/>
</testsuite>